<?xml version="1.0" encoding="UTF-8"?>
<testsuite name="mr.hadoop.wordcount.WordCountTest" tests="1" skipped="0" failures="0" errors="0" timestamp="2022-11-29T06:23:11" hostname="Panjis-MacBook-Pro.local" time="0.013">
  <properties/>
  <testcase name="someLibraryMethodReturnsTrue()" classname="mr.hadoop.wordcount.WordCountTest" time="0.013"/>
  <system-out><![CDATA[]]></system-out>
  <system-err><![CDATA[]]></system-err>
</testsuite>
